TOOL:	xrun	19.09-s003: Started on Oct 07, 2021 at 15:48:30 CEST
xrun
	-elaborate
	-l xrun_elaborate.log
	-F tb.f
		apple.v
		apple_tb.v
	-v93
	+nowarnDSEM2009
	+nowarnDSEMEL
	+nowarnCGDEFN
	-xmlibdirname INCA_libs_gui
	+access+r
	+gui
	+overwrite
	-nocopyright
		Caching library 'worklib' ....... Done
	Elaborating the design hierarchy:
	Top level design units:
		apple
	Building instance overlay tables: .................... Done
	Generating native compiled code:
		worklib.apple:v <0x45e8606d>
			streams:   2, words:   220
	Building instance specific data structures.
	Loading native compiled code:     .................... Done
	Design hierarchy summary:
		        Instances  Unique
		Modules:        1       1
		Registers:      1       1
		Scalar wires:   1       -
		Always blocks:  1       1
	Writing initial simulation snapshot: worklib.apple:v
TOOL:	xrun	19.09-s003: Exiting on Oct 07, 2021 at 15:48:30 CEST  (total: 00:00:00)
