TOOL:	xrun	19.09-s003: Started on Oct 28, 2021 at 02:45:45 CEST
xrun
	-compile
	-l xrun_compile.log
	-F tb.f
		-F ./dut.f
			mtm_Alu.vp
		alu_tb.sv
	-v93
	-define DEBUG
	+nowarnDSEM2009
	+nowarnDSEMEL
	+nowarnCGDEFN
	-xmlibdirname INCA_libs
	+overwrite
	-nocopyright
file: ./mtm_Alu.vp
	module worklib.mtm_Alu:vp
		errors: 0, warnings: 0
		errors: 0, warnings: 0
		errors: 0, warnings: 0
		errors: 0, warnings: 0
file: ./alu_tb.sv
    reg [10:0] packet = 11'b00000000001;
                      |
xmvlog: *W,VARIST (./alu_tb.sv,321|22): Local static variable with initializer requires 'static' keyword.
    reg [10:0] packet = 11'b01000000001;
                      |
xmvlog: *W,VARIST (./alu_tb.sv,333|22): Local static variable with initializer requires 'static' keyword.
			    process_error(out[54:44],error_flag);
			                                      |
xmvlog: *W,ENUMERR (./alu_tb.sv,127|41): This assignment is a violation of SystemVerilog strong typing rules for enumeration datatypes.
			    process_error(out[54:44],error_flag);
			                                      |
xmvlog: *W,ENUMERR (./alu_tb.sv,174|41): This assignment is a violation of SystemVerilog strong typing rules for enumeration datatypes.
	        operation = operation + 1'b1;
	                              |
xmvlog: *W,ENUMERR (./alu_tb.sv,184|31): This assignment is a violation of SystemVerilog strong typing rules for enumeration datatypes.
			    process_error(out[54:44],error_flag);
			                                      |
xmvlog: *W,ENUMERR (./alu_tb.sv,222|41): This assignment is a violation of SystemVerilog strong typing rules for enumeration datatypes.
			    process_error(out[54:44],error_flag);
			                                      |
xmvlog: *W,ENUMERR (./alu_tb.sv,269|41): This assignment is a violation of SystemVerilog strong typing rules for enumeration datatypes.
	module worklib.top:sv
		errors: 0, warnings: 7
TOOL:	xrun	19.09-s003: Exiting on Oct 28, 2021 at 02:45:46 CEST  (total: 00:00:01)
