TOOL:	xrun	19.09-s003: Started on Oct 17, 2021 at 01:13:26 CEST
xrun
	-elaborate
	-l xrun_elaborate.log
	-F tb.f
		-F ./dut.f
			mtm_Alu.vp
		alu_tb.sv
	-v93
	-define DEBUG
	+nowarnDSEM2009
	+nowarnDSEMEL
	+nowarnCGDEFN
	-xmlibdirname INCA_libs
	+overwrite
	-nocopyright
		Caching library 'worklib' ....... Done
	Elaborating the design hierarchy:
	Top level design units:
		top
	Building instance overlay tables: .................... Done
	Generating native compiled code:
			streams:   0, words:     0
			streams:   0, words:     0
			streams:   0, words:     0
		worklib.top:sv <0x5ebf76e6>
			streams:   8, words: 11951
	Building instance specific data structures.
	Loading native compiled code:     .................... Done
	Design hierarchy summary:
		                 Instances  Unique
		Modules:                 5       5
		Registers:              60      71
		Scalar wires:            3       -
		Always blocks:          12      12
		Initial blocks:          3       3
		Cont. assignments:       0       1
		Simulation timescale:  1ps
	Writing initial simulation snapshot: worklib.top:sv
TOOL:	xrun	19.09-s003: Exiting on Oct 17, 2021 at 01:13:27 CEST  (total: 00:00:01)
