TOOL:	xrun	19.09-s003: Started on Nov 04, 2021 at 05:20:18 CET
xrun
	-compile
	-l xrun_compile.log
	-F tb.f
		-F ./dut.f
			mtm_Alu.vp
		alu_tb.sv
	-v93
	+nowarnDSEM2009
	+nowarnDSEMEL
	+nowarnCGDEFN
	-xmlibdirname INCA_libs
	+overwrite
	-nocopyright
	-coverage all
	-covoverwrite
	-covfile xrun_covfile.txt
file: ./mtm_Alu.vp
	module worklib.mtm_Alu:vp
		errors: 0, warnings: 0
		errors: 0, warnings: 0
		errors: 0, warnings: 0
		errors: 0, warnings: 0
file: ./alu_tb.sv
	module worklib.top:sv
		errors: 0, warnings: 0
TOOL:	xrun	19.09-s003: Exiting on Nov 04, 2021 at 05:20:18 CET  (total: 00:00:00)
