TOOL:	xrun	19.09-s003: Started on Nov 04, 2021 at 16:14:23 CET
xrun
	-elaborate
	-l xrun_elaborate.log
	-F tb.f
		-F ./dut.f
			mtm_Alu.vp
		alu_tb.sv
	-v93
	+nowarnDSEM2009
	+nowarnDSEMEL
	+nowarnCGDEFN
	-xmlibdirname INCA_libs
	+overwrite
	-nocopyright
	-coverage all
	-covoverwrite
	-covfile xrun_covfile.txt
		Caching library 'worklib' ....... Done
	Elaborating the design hierarchy:
	Top level design units:
		top

	Extracting FSMs for coverage:
		worklib.mtm_Alu
		worklib.top
	Total FSMs extracted = 0
	Building instance overlay tables: .................... Done
	Enabling instrumentation for coverage types: block expression FSM toggle functional
	Generating native compiled code:
			streams:   7, words:  3972
			streams:   9, words: 25661
			streams:   7, words:  3321
		worklib.top:sv <0x2a388be3>
			streams:  43, words: 96383
	string             test_result = "PASSED";
	                             |
xmelab: *W,COVUTA (./alu_tb.sv,26|30): Toggle coverage is not supported for SystemVerilog integer, real, string, dynamic array, sparse memory and reference ports. It is also not supported for VHDL multi-dimensional array and array of record. There may also be other such objects in the design.
	Building instance specific data structures.
	Performing constant object marking (COM) analysis.
	Loading native compiled code:     .................... Done
	Design hierarchy summary:
		                 Instances  Unique
		Modules:                 5       5
		Registers:             112     112
		Scalar wires:            8       -
		Vectored wires:          2       -
		Always blocks:          13      13
		Initial blocks:         13      13
		Final blocks:            1       1
		Pseudo assignments:      2       2
		Assertions:              1       1
		Covergroup Instances:    0       4
		Simulation timescale:  1ps
	Writing initial simulation snapshot: worklib.top:sv
TOOL:	xrun	19.09-s003: Exiting on Nov 04, 2021 at 16:14:24 CET  (total: 00:00:01)
