*I,RUNLD: Successfully loaded run /home/student/ptapa/VDIC/lab3/cov_work/scope/lab01.
*I,MERGL1: Merging Simulation Coverage ...
----------------------------
*I,MERGL1: Preparing target model ...
*I,MERGL1: Reading model of primary run (cov_work/scope/lab01) as initial model: cov_work/scope/icc_4d4d26b5_0fe43e5b.ucm
*I,MERGL1: Target model generated successfully.
*I,MERGL1: Projecting Simulation ucd data into the target model ...
*I,MERGL2:   cov_work/scope/lab01:
*I,MERGL3:       Data is projected in to the target model.
*I,MERGL1: Writing output database cov_work/scope/merged_results:
*I,MERGL2:   Model: cov_work/scope/merged_results/icc_4d4d26b5_0fe43e5b.ucm
*I,MERGL2:   Data : cov_work/scope/merged_results/icc_4d4d26b5_0fe43e5b.ucd
*I,MERGL1: No Specman coverage databases found in the runs.
Total conflicts during target model creation: 0
Total items not merged                      : 0
Total runs not considered during target model creation: 0
Total runs not merged                                 : 0
*I,RUNLD: Successfully loaded run /home/student/ptapa/VDIC/lab3/cov_work/scope/merged_results.
*W,REPDEP: This is a legacy report and no future enhancement is planned for this report. It is recommended that you use the 'report_metrics' command and generate a dynamic report.
name                                     Overall Average      Overall Covered      Code Average         Code Covered         Fsm Average          Fsm Covered          Functional Average   Functional Covered   
-----------------------------------------------------------------------------------------------------------------------------------------------------------------------------------------------------------------
top                                      n/a                  n/a                  n/a                  n/a                  n/a                  n/a                  n/a                  n/a                  
|--bfm                                   98.35%               95.77% (204/213)     98.35%               95.77% (204/213)     n/a                  n/a                  n/a                  n/a                  
|--cov                                   99.67%               99.09% (109/110)     99.33%               98.77% (80/81)       n/a                  n/a                  100.00%              100.00% (29/29)      
|--test                                  96.76%               95.54% (407/426)     96.76%               95.54% (407/426)     n/a                  n/a                  n/a                  n/a                  
|--score                                 91.67%               84.62% (22/26)       83.33%               84.00% (21/25)       n/a                  n/a                  100.00%              100.00% (1/1)        
|--DUT                                   98.21%               98.21% (55/56)       98.21%               98.21% (55/56)       n/a                  n/a                  n/a                  n/a                  
